<?xml version="1.0" encoding="UTF-8"?>
<coverage generated="1570950285681" clover="3.2.0">
  <project timestamp="1570950285682" name="All files">
    <metrics statements="19" coveredstatements="7" conditionals="13" coveredconditionals="1" methods="8" coveredmethods="3" elements="40" coveredelements="11" complexity="0" loc="19" ncloc="19" packages="1" files="2" classes="2"/>
    <file name="DraggableView.js" path="/Users/hoanghung/SourceTree/gitlab/superherowithin/src/components/DraggableView.js">
      <metrics statements="17" coveredstatements="5" conditionals="12" coveredconditionals="0" methods="7" coveredmethods="2"/>
      <line num="5" count="1" type="stmt"/>
      <line num="7" count="1" type="stmt"/>
      <line num="8" count="0" type="cond" truecount="0" falsecount="2"/>
      <line num="9" count="0" type="cond" truecount="0" falsecount="2"/>
      <line num="14" count="1" type="stmt"/>
      <line num="16" count="1" type="stmt"/>
      <line num="17" count="0" type="stmt"/>
      <line num="32" count="0" type="cond" truecount="0" falsecount="2"/>
      <line num="33" count="0" type="stmt"/>
      <line num="35" count="0" type="cond" truecount="0" falsecount="2"/>
      <line num="36" count="0" type="stmt"/>
      <line num="40" count="0" type="cond" truecount="0" falsecount="2"/>
      <line num="41" count="0" type="stmt"/>
      <line num="43" count="0" type="cond" truecount="0" falsecount="2"/>
      <line num="44" count="0" type="stmt"/>
      <line num="49" count="0" type="stmt"/>
      <line num="56" count="1" type="stmt"/>
    </file>
    <file name="UserView.js" path="/Users/hoanghung/SourceTree/gitlab/superherowithin/src/components/UserView.js">
      <metrics statements="2" coveredstatements="2" conditionals="1" coveredconditionals="1" methods="1" coveredmethods="1"/>
      <line num="4" count="1" type="cond" truecount="1" falsecount="0"/>
      <line num="5" count="1" type="stmt"/>
    </file>
  </project>
</coverage>
