{"/Users/hoanghung/SourceTree/gitlab/superherowithin/src/components/DraggableView.js": {"path":"/Users/hoanghung/SourceTree/gitlab/superherowithin/src/components/DraggableView.js","statementMap":{"0":{"start":{"line":5,"column":14},"end":{"line":5,"column":50}},"1":{"start":{"line":7,"column":17},"end":{"line":12,"column":8}},"2":{"start":{"line":8,"column":4},"end":{"line":11,"column":5}},"3":{"start":{"line":9,"column":11},"end":{"line":11,"column":5}},"4":{"start":{"line":14,"column":23},"end":{"line":54,"column":3}},"5":{"start":{"line":16,"column":6},"end":{"line":52,"column":8}},"6":{"start":{"line":17,"column":44},"end":{"line":17,"column":48}},"7":{"start":{"line":32,"column":10},"end":{"line":50,"column":11}},"8":{"start":{"line":33,"column":12},"end":{"line":39,"column":14}},"9":{"start":{"line":35,"column":16},"end":{"line":37,"column":17}},"10":{"start":{"line":36,"column":18},"end":{"line":36,"column":30}},"11":{"start":{"line":40,"column":17},"end":{"line":50,"column":11}},"12":{"start":{"line":41,"column":12},"end":{"line":47,"column":14}},"13":{"start":{"line":43,"column":16},"end":{"line":45,"column":17}},"14":{"start":{"line":44,"column":18},"end":{"line":44,"column":29}},"15":{"start":{"line":49,"column":12},"end":{"line":49,"column":74}},"16":{"start":{"line":56,"column":2},"end":{"line":62,"column":4}}},"fnMap":{"0":{"name":"Drag","decl":{"start":{"line":4,"column":24},"end":{"line":4,"column":28}},"loc":{"start":{"line":4,"column":78},"end":{"line":63,"column":1}},"line":4},"1":{"name":"(anonymous_1)","decl":{"start":{"line":7,"column":35},"end":{"line":7,"column":36}},"loc":{"start":{"line":7,"column":48},"end":{"line":12,"column":3}},"line":7},"2":{"name":"(anonymous_2)","decl":{"start":{"line":15,"column":4},"end":{"line":15,"column":5}},"loc":{"start":{"line":16,"column":6},"end":{"line":52,"column":8}},"line":16},"3":{"name":"(anonymous_3)","decl":{"start":{"line":17,"column":38},"end":{"line":17,"column":39}},"loc":{"start":{"line":17,"column":44},"end":{"line":17,"column":48}},"line":17},"4":{"name":"(anonymous_4)","decl":{"start":{"line":31,"column":31},"end":{"line":31,"column":32}},"loc":{"start":{"line":31,"column":44},"end":{"line":51,"column":9}},"line":31},"5":{"name":"(anonymous_5)","decl":{"start":{"line":34,"column":14},"end":{"line":34,"column":15}},"loc":{"start":{"line":34,"column":26},"end":{"line":38,"column":15}},"line":34},"6":{"name":"(anonymous_6)","decl":{"start":{"line":42,"column":14},"end":{"line":42,"column":15}},"loc":{"start":{"line":42,"column":26},"end":{"line":46,"column":15}},"line":42}},"branchMap":{"0":{"loc":{"start":{"line":8,"column":4},"end":{"line":11,"column":5}},"type":"if","locations":[{"start":{"line":8,"column":4},"end":{"line":11,"column":5}},{"start":{"line":8,"column":4},"end":{"line":11,"column":5}}],"line":8},"1":{"loc":{"start":{"line":9,"column":11},"end":{"line":11,"column":5}},"type":"if","locations":[{"start":{"line":9,"column":11},"end":{"line":11,"column":5}},{"start":{"line":9,"column":11},"end":{"line":11,"column":5}}],"line":9},"2":{"loc":{"start":{"line":32,"column":10},"end":{"line":50,"column":11}},"type":"if","locations":[{"start":{"line":32,"column":10},"end":{"line":50,"column":11}},{"start":{"line":32,"column":10},"end":{"line":50,"column":11}}],"line":32},"3":{"loc":{"start":{"line":35,"column":16},"end":{"line":37,"column":17}},"type":"if","locations":[{"start":{"line":35,"column":16},"end":{"line":37,"column":17}},{"start":{"line":35,"column":16},"end":{"line":37,"column":17}}],"line":35},"4":{"loc":{"start":{"line":40,"column":17},"end":{"line":50,"column":11}},"type":"if","locations":[{"start":{"line":40,"column":17},"end":{"line":50,"column":11}},{"start":{"line":40,"column":17},"end":{"line":50,"column":11}}],"line":40},"5":{"loc":{"start":{"line":43,"column":16},"end":{"line":45,"column":17}},"type":"if","locations":[{"start":{"line":43,"column":16},"end":{"line":45,"column":17}},{"start":{"line":43,"column":16},"end":{"line":45,"column":17}}],"line":43}},"s":{"0":1,"1":1,"2":0,"3":0,"4":1,"5":1,"6":0,"7":0,"8":0,"9":0,"10":0,"11":0,"12":0,"13":0,"14":0,"15":0,"16":1},"f":{"0":1,"1":0,"2":1,"3":0,"4":0,"5":0,"6":0},"b":{"0":[0,0],"1":[0,0],"2":[0,0],"3":[0,0],"4":[0,0],"5":[0,0]},"_coverageSchema":"43e27e138ebf9cfc5966b082cf9a028302ed4184","hash":"5d3bb260d279841e9b239031bce8a8bd1e0cb232"}
,"/Users/hoanghung/SourceTree/gitlab/superherowithin/src/components/UserView.js": {"path":"/Users/hoanghung/SourceTree/gitlab/superherowithin/src/components/UserView.js","statementMap":{"0":{"start":{"line":4,"column":17},"end":{"line":86,"column":1}},"1":{"start":{"line":5,"column":2},"end":{"line":85,"column":4}}},"fnMap":{"0":{"name":"(anonymous_0)","decl":{"start":{"line":4,"column":17},"end":{"line":4,"column":18}},"loc":{"start":{"line":4,"column":34},"end":{"line":86,"column":1}},"line":4}},"branchMap":{"0":{"loc":{"start":{"line":4,"column":19},"end":{"line":4,"column":28}},"type":"default-arg","locations":[{"start":{"line":4,"column":26},"end":{"line":4,"column":28}}],"line":4}},"s":{"0":1,"1":1},"f":{"0":1},"b":{"0":[1]},"_coverageSchema":"43e27e138ebf9cfc5966b082cf9a028302ed4184","hash":"15dd88db898aaac208a7bd05554266b3f608a968"}
}
